
C2960-01#show run
Building configuration...

Current configuration : 890 bytes
!
! Last configuration change at 13:34:01 UTC Mon Dec 1 2025
!
version 15.2
no service pad
service timestamps debug datetime msec
service timestamps log datetime msec
no service password-encryption
!
hostname C2960-01
!
boot-start-marker
boot-end-marker
!
!
no aaa new-model
!
!
!
!
!
!
!
!
!
!
!
spanning-tree mode rapid-pvst
spanning-tree extend system-id
diagnostic bootup level minimal
!
vlan internal allocation policy ascending
!
!
!
!
!
interface GigabitEthernet0/1
!
interface GigabitEthernet0/2
!
interface GigabitEthernet0/3
!
interface GigabitEthernet0/4
!
interface GigabitEthernet0/5
!
interface GigabitEthernet0/6
!
interface GigabitEthernet0/7
!
interface GigabitEthernet0/8
!
interface GigabitEthernet0/9
!
interface GigabitEthernet0/10
!
interface Vlan1
 no ip address
 no ip route-cache
 shutdown
!
ip http server
ip http secure-server
!
!
line con 0
line vty 5 15
!
end

C2960-01#
C2960-01#exit





























































C2960-01 con0 is now available





Press RETURN to get started.





