C2960-SW02#show run
Building configuration...

Current configuration : 1946 bytes
!
! Last configuration change at 18:43:23 UTC Wed Dec 10 2025 by admin
! NVRAM config last updated at 18:49:37 UTC Wed Dec 10 2025 by admin
!
version 15.2
no service pad
service tcp-keepalives-in
service tcp-keepalives-out
service timestamps debug datetime msec localtime show-timezone
service timestamps log datetime msec localtime show-timezone
service password-encryption
no service dhcp
!
hostname C2960-SW02
!
boot-start-marker
boot-end-marker
!
!
username admin privilege 15 secret 5 $1$/UFX$r6itgb6m34TV/vfx.qaNs1
no aaa new-model
!
!
no ip domain-lookup
ip domain-name home.lab
!
!
!
!
!
!
!
!
!
spanning-tree mode rapid-pvst
spanning-tree portfast edge bpduguard default
spanning-tree extend system-id
diagnostic bootup level minimal
!
vlan internal allocation policy ascending
!
!
!
!
!
interface Port-channel1
 description Uplink to C2960-SW01 Gi0/3-4 (LACP)
 switchport trunk allowed vlan 10,20
 switchport mode trunk
!
interface GigabitEthernet0/1
 switchport trunk allowed vlan 10,20
 switchport mode trunk
!
interface GigabitEthernet0/2
!
interface GigabitEthernet0/3
 switchport trunk allowed vlan 10,20
 switchport mode trunk
 channel-group 1 mode active
!
interface GigabitEthernet0/4
 switchport trunk allowed vlan 10,20
 switchport mode trunk
 channel-group 1 mode active
!
interface GigabitEthernet0/5
!
interface GigabitEthernet0/6
!
interface GigabitEthernet0/7
!
interface GigabitEthernet0/8
 switchport access vlan 10
 switchport mode access
 spanning-tree portfast edge
!
interface GigabitEthernet0/9
!
interface GigabitEthernet0/10
!
interface Vlan1
 no ip address
 no ip route-cache
 shutdown
!
interface Vlan10
 ip address 192.168.10.12 255.255.255.0
 no ip route-cache
!
ip default-gateway 192.168.10.254
no ip http server
no ip http secure-server
ip ssh version 2
!
!
line con 0
 logging synchronous
 login local
line vty 0 4
 login local
 transport input ssh
line vty 5 15
 login local
 transport input ssh
!
end

C2960-SW02#
