
C892-RT02#show run
Building configuration...

Current configuration : 1786 bytes
!
! Last configuration change at 19:41:06 UTC Wed Dec 10 2025
version 15.1
service timestamps debug datetime msec
service timestamps log datetime msec
no service password-encryption
!
hostname C892-RT02
!
boot-start-marker
boot-end-marker
!
!
!
no aaa new-model
!
crypto pki token default removal timeout 0
!
!
ip source-route
!
!
!
!
!
ip cef
no ip domain lookup
ip domain name home.lab
no ipv6 cef
!
!
!
!
multilink bundle-name authenticated
!
!
!
!
!
!
license udi pid CISCO892-K9 sn FGL15332318
!
!
username admin privilege 15 secret 5 $1$9zyv$C6DQwKaKc.E88Rnm6D83e1
!
!
!
!
ip ssh version 2
! 
!
!
!
!
!
!
interface BRI0
 no ip address
 encapsulation hdlc
 shutdown
 isdn termination multidrop
!
interface FastEthernet0
 no ip address
!
interface FastEthernet1
 no ip address
!
interface FastEthernet2
 no ip address
!
interface FastEthernet3
 no ip address
!
interface FastEthernet4
 no ip address
!
interface FastEthernet5
 no ip address
!
interface FastEthernet6
 no ip address
!
interface FastEthernet7
 no ip address
!
interface FastEthernet8
 no ip address
 duplex auto
 speed auto
!
interface FastEthernet8.10
 encapsulation dot1Q 10
 ip address 192.168.10.2 255.255.255.0
 standby 10 ip 192.168.10.254
 standby 10 preempt
!
interface FastEthernet8.20
 encapsulation dot1Q 20
 ip address 192.168.20.2 255.255.255.0
 standby 20 ip 192.168.20.254
 standby 20 preempt
!
interface GigabitEthernet0
 no ip address
 shutdown
 duplex auto
 speed auto
!
interface Vlan1
 no ip address
!
ip forward-protocol nd
!
!
no ip http server
no ip http secure-server
!
logging esm config
!
!
!
!
!
!
control-plane
!
!
!
!
mgcp profile default
!
!
!
!
!
line con 0
 logging synchronous
 login local
line aux 0
line vty 0 4
 login local
 transport input ssh
!
scheduler max-task-time 5000
end

C892-RT02#